<?xml version="1.0" encoding="UTF-8"?>
<!-- Generated by org.testng.reporters.JUnitXMLReporter -->
<testsuite ignored="0" hostname="DESKTOP-FR5L3IP" failures="0" tests="10" name="Command line test" time="2.568" errors="0" timestamp="2023-08-09T20:22:26 IST">
  <testcase classname="api.test.PerfTests" name="test_004_performance_test" time="1.883"/>
  <testcase classname="api.test.PerfTests" name="test_004_performance_test" time="1.883"/>
  <testcase classname="api.test.PerfTests" name="test_004_performance_test" time="1.883"/>
  <testcase classname="api.test.PerfTests" name="test_004_performance_test" time="1.883"/>
  <testcase classname="api.test.PerfTests" name="test_004_performance_test" time="1.884"/>
  <testcase classname="api.test.PerfTests" name="test_004_performance_test" time="1.884"/>
  <testcase classname="api.test.PerfTests" name="test_004_performance_test" time="1.885"/>
  <testcase classname="api.test.PerfTests" name="test_004_performance_test" time="1.884"/>
  <testcase classname="api.test.PerfTests" name="test_004_performance_test" time="1.884"/>
  <testcase classname="api.test.PerfTests" name="test_004_performance_test" time="1.883"/>
</testsuite> <!-- Command line test -->
