<?xml version="1.0" encoding="UTF-8"?>
<!-- Generated by org.testng.reporters.JUnitXMLReporter -->
<testsuite ignored="2" hostname="DESKTOP-FR5L3IP" failures="0" tests="1" name="Command line test" time="1.833" errors="0" timestamp="2023-08-15T17:08:30 IST">
  <testcase classname="api.test.GoRightsFunctionalTests" name="test_001_get_search_single_param" time="1.298"/>
  <testcase classname="api.test.GoRightsFunctionalTests" name="test_003_get_search_rspheaders_validation" time="0.0">
    <ignored/>
  </testcase> <!-- test_003_get_search_rspheaders_validation -->
  <testcase classname="api.test.GoRightsFunctionalTests" name="test_002_get_search_limit_param" time="0.0">
    <ignored/>
  </testcase> <!-- test_002_get_search_limit_param -->
</testsuite> <!-- Command line test -->
