<?xml version="1.0" encoding="UTF-8"?>
<!-- Generated by org.testng.reporters.JUnitXMLReporter -->
<testsuite ignored="0" hostname="DESKTOP-FR5L3IP" failures="0" tests="10" name="Itunes Search API Performance Test" time="2.641" errors="0" timestamp="2023-08-09T14:15:15 IST">
  <testcase classname="api.test.PerfTests" name="test_004_performance_test" time="1.996"/>
  <testcase classname="api.test.PerfTests" name="test_004_performance_test" time="1.993"/>
  <testcase classname="api.test.PerfTests" name="test_004_performance_test" time="1.995"/>
  <testcase classname="api.test.PerfTests" name="test_004_performance_test" time="1.994"/>
  <testcase classname="api.test.PerfTests" name="test_004_performance_test" time="1.995"/>
  <testcase classname="api.test.PerfTests" name="test_004_performance_test" time="1.996"/>
  <testcase classname="api.test.PerfTests" name="test_004_performance_test" time="1.997"/>
  <testcase classname="api.test.PerfTests" name="test_004_performance_test" time="1.996"/>
  <testcase classname="api.test.PerfTests" name="test_004_performance_test" time="1.995"/>
  <testcase classname="api.test.PerfTests" name="test_004_performance_test" time="1.995"/>
</testsuite> <!-- Itunes Search API Performance Test -->
